# JRE version: Java(TM) SE Runtime Environment (8.0_72-b15) (build 1.8.0_72-b15)
# Java VM: Java HotSpot(TM) 64-Bit Server VM (25.72-b15 mixed mode linux-amd64 compressed oops)
Heap:
 PSYoungGen      total 517632K, used 47585K [0x000000076ab00000, 0x0000000790000000, 0x00000007c0000000)
  eden space 470016K, 0% used [0x000000076ab00000,0x000000076ab00000,0x0000000787600000)
  from space 47616K, 99% used [0x000000078b380000,0x000000078e1f8528,0x000000078e200000)
  to   space 62976K, 0% used [0x0000000787600000,0x0000000787600000,0x000000078b380000)
 ParOldGen       total 83456K, used 67110K [0x00000006c0000000, 0x00000006c5180000, 0x000000076ab00000)
  object space 83456K, 80% used [0x00000006c0000000,0x00000006c4189b40,0x00000006c5180000)
 Metaspace       used 6519K, capacity 7256K, committed 7424K, reserved 1056768K
  class space    used 615K, capacity 656K, committed 768K, reserved 1048576K
GC Heap History (10 events):
Event: 2.123 GC heap after
Heap after GC invocations=4 (full 0):
 PSYoungGen      total 130048K, used 5088K [0x000000076ab00000, 0x0000000772f00000, 0x00000007c0000000)
  eden space 124928K, 0% used [0x000000076ab00000,0x000000076ab00000,0x0000000772500000)
  from space 5120K, 99% used [0x0000000772a00000,0x0000000772ef8018,0x0000000772f00000)
  to   space 5120K, 0% used [0x0000000772500000,0x0000000772500000,0x0000000772a00000)
 ParOldGen       total 83456K, used 7168K [0x00000006c0000000, 0x00000006c5180000, 0x000000076ab00000)
  object space 83456K, 8% used [0x00000006c0000000,0x00000006c07001c0,0x00000006c5180000)
 Metaspace       used 5885K, capacity 6832K, committed 7040K, reserved 1056768K
  class space    used 593K, capacity 616K, committed 640K, reserved 1048576K
}
Event: 3.792 GC heap before
{Heap before GC invocations=5 (full 0):
 PSYoungGen      total 130048K, used 130016K [0x000000076ab00000, 0x0000000772f00000, 0x00000007c0000000)
  eden space 124928K, 100% used [0x000000076ab00000,0x0000000772500000,0x0000000772500000)
  from space 5120K, 99% used [0x0000000772a00000,0x0000000772ef8018,0x0000000772f00000)
  to   space 5120K, 0% used [0x0000000772500000,0x0000000772500000,0x0000000772a00000)
 ParOldGen       total 83456K, used 7168K [0x00000006c0000000, 0x00000006c5180000, 0x000000076ab00000)
  object space 83456K, 8% used [0x00000006c0000000,0x00000006c07001c0,0x00000006c5180000)
 Metaspace       used 6174K, capacity 7064K, committed 7424K, reserved 1056768K
  class space    used 614K, capacity 656K, committed 768K, reserved 1048576K
Event: 3.839 GC heap after
Heap after GC invocations=5 (full 0):
 PSYoungGen      total 130048K, used 5113K [0x000000076ab00000, 0x000000077c900000, 0x00000007c0000000)
  eden space 124928K, 0% used [0x000000076ab00000,0x000000076ab00000,0x0000000772500000)
  from space 5120K, 99% used [0x0000000772500000,0x00000007729fe7c8,0x0000000772a00000)
  to   space 21504K, 0% used [0x000000077b400000,0x000000077b400000,0x000000077c900000)
 ParOldGen       total 83456K, used 24778K [0x00000006c0000000, 0x00000006c5180000, 0x000000076ab00000)
  object space 83456K, 29% used [0x00000006c0000000,0x00000006c1832808,0x00000006c5180000)
 Metaspace       used 6174K, capacity 7064K, committed 7424K, reserved 1056768K
  class space    used 614K, capacity 656K, committed 768K, reserved 1048576K
}
Event: 4.957 GC heap before
{Heap before GC invocations=6 (full 0):
 PSYoungGen      total 130048K, used 130041K [0x000000076ab00000, 0x000000077c900000, 0x00000007c0000000)
  eden space 124928K, 100% used [0x000000076ab00000,0x0000000772500000,0x0000000772500000)
  from space 5120K, 99% used [0x0000000772500000,0x00000007729fe7c8,0x0000000772a00000)
  to   space 21504K, 0% used [0x000000077b400000,0x000000077b400000,0x000000077c900000)
 ParOldGen       total 83456K, used 24778K [0x00000006c0000000, 0x00000006c5180000, 0x000000076ab00000)
  object space 83456K, 29% used [0x00000006c0000000,0x00000006c1832808,0x00000006c5180000)
 Metaspace       used 6271K, capacity 7128K, committed 7424K, reserved 1056768K
  class space    used 615K, capacity 656K, committed 768K, reserved 1048576K
Event: 5.058 GC heap after
Heap after GC invocations=6 (full 0):
 PSYoungGen      total 264192K, used 21483K [0x000000076ab00000, 0x000000077d700000, 0x00000007c0000000)
  eden space 242688K, 0% used [0x000000076ab00000,0x000000076ab00000,0x0000000779800000)
  from space 21504K, 99% used [0x000000077b400000,0x000000077c8fae90,0x000000077c900000)
  to   space 28672K, 0% used [0x0000000779800000,0x0000000779800000,0x000000077b400000)
 ParOldGen       total 83456K, used 28385K [0x00000006c0000000, 0x00000006c5180000, 0x000000076ab00000)
  object space 83456K, 34% used [0x00000006c0000000,0x00000006c1bb86b0,0x00000006c5180000)
 Metaspace       used 6271K, capacity 7128K, committed 7424K, reserved 1056768K
  class space    used 615K, capacity 656K, committed 768K, reserved 1048576K
}
Event: 6.984 GC heap before
{Heap before GC invocations=7 (full 0):
 PSYoungGen      total 264192K, used 264171K [0x000000076ab00000, 0x000000077d700000, 0x00000007c0000000)
  eden space 242688K, 100% used [0x000000076ab00000,0x0000000779800000,0x0000000779800000)
  from space 21504K, 99% used [0x000000077b400000,0x000000077c8fae90,0x000000077c900000)
  to   space 28672K, 0% used [0x0000000779800000,0x0000000779800000,0x000000077b400000)
 ParOldGen       total 83456K, used 28385K [0x00000006c0000000, 0x00000006c5180000, 0x000000076ab00000)
  object space 83456K, 34% used [0x00000006c0000000,0x00000006c1bb86b0,0x00000006c5180000)
 Metaspace       used 6424K, capacity 7192K, committed 7424K, reserved 1056768K
  class space    used 615K, capacity 656K, committed 768K, reserved 1048576K
Event: 7.111 GC heap after
Heap after GC invocations=7 (full 0):
 PSYoungGen      total 271360K, used 28665K [0x000000076ab00000, 0x000000078e200000, 0x00000007c0000000)
  eden space 242688K, 0% used [0x000000076ab00000,0x000000076ab00000,0x0000000779800000)
  from space 28672K, 99% used [0x0000000779800000,0x000000077b3fe590,0x000000077b400000)
  to   space 47616K, 0% used [0x000000078b380000,0x000000078b380000,0x000000078e200000)
 ParOldGen       total 83456K, used 53074K [0x00000006c0000000, 0x00000006c5180000, 0x000000076ab00000)
  object space 83456K, 63% used [0x00000006c0000000,0x00000006c33d49e0,0x00000006c5180000)
 Metaspace       used 6424K, capacity 7192K, committed 7424K, reserved 1056768K
  class space    used 615K, capacity 656K, committed 768K, reserved 1048576K
}
Event: 8.751 GC heap before
{Heap before GC invocations=8 (full 0):
 PSYoungGen      total 271360K, used 271353K [0x000000076ab00000, 0x000000078e200000, 0x00000007c0000000)
  eden space 242688K, 100% used [0x000000076ab00000,0x0000000779800000,0x0000000779800000)
  from space 28672K, 99% used [0x0000000779800000,0x000000077b3fe590,0x000000077b400000)
  to   space 47616K, 0% used [0x000000078b380000,0x000000078b380000,0x000000078e200000)
 ParOldGen       total 83456K, used 53074K [0x00000006c0000000, 0x00000006c5180000, 0x000000076ab00000)
  object space 83456K, 63% used [0x00000006c0000000,0x00000006c33d49e0,0x00000006c5180000)
 Metaspace       used 6519K, capacity 7256K, committed 7424K, reserved 1056768K
  class space    used 615K, capacity 656K, committed 768K, reserved 1048576K
Event: 9.178 GC heap after
Heap after GC invocations=8 (full 0):
 PSYoungGen      total 517632K, used 47585K [0x000000076ab00000, 0x0000000790000000, 0x00000007c0000000)
  eden space 470016K, 0% used [0x000000076ab00000,0x000000076ab00000,0x0000000787600000)
  from space 47616K, 99% used [0x000000078b380000,0x000000078e1f8528,0x000000078e200000)
  to   space 62976K, 0% used [0x0000000787600000,0x0000000787600000,0x000000078b380000)
 ParOldGen       total 83456K, used 67110K [0x00000006c0000000, 0x00000006c5180000, 0x000000076ab00000)
  object space 83456K, 80% used [0x00000006c0000000,0x00000006c4189b40,0x00000006c5180000)
 Metaspace       used 6519K, capacity 7256K, committed 7424K, reserved 1056768K
  class space    used 615K, capacity 656K, committed 768K, reserved 1048576K
}
Event: 9.179 GC heap before
{Heap before GC invocations=9 (full 1):
 PSYoungGen      total 517632K, used 47585K [0x000000076ab00000, 0x0000000790000000, 0x00000007c0000000)
  eden space 470016K, 0% used [0x000000076ab00000,0x000000076ab00000,0x0000000787600000)
  from space 47616K, 99% used [0x000000078b380000,0x000000078e1f8528,0x000000078e200000)
  to   space 62976K, 0% used [0x0000000787600000,0x0000000787600000,0x000000078b380000)
 ParOldGen       total 83456K, used 67110K [0x00000006c0000000, 0x00000006c5180000, 0x000000076ab00000)
  object space 83456K, 80% used [0x00000006c0000000,0x00000006c4189b40,0x00000006c5180000)
 Metaspace       used 6519K, capacity 7256K, committed 7424K, reserved 1056768K
  class space    used 615K, capacity 656K, committed 768K, reserved 1048576K

