# JRE version: Java(TM) SE Runtime Environment (8.0_72-b15) (build 1.8.0_72-b15)
# Java VM: Java HotSpot(TM) 64-Bit Server VM (25.72-b15 mixed mode linux-amd64 compressed oops)
Heap:
 PSYoungGen      total 532480K, used 532449K [0x000000076ab00000, 0x0000000799a00000, 0x00000007c0000000)
  eden space 468992K, 100% used [0x000000076ab00000,0x0000000787500000,0x0000000787500000)
  from space 63488K, 99% used [0x0000000787500000,0x000000078b2f85b0,0x000000078b300000)
  to   space 86528K, 89% used [0x0000000794580000,0x00000007990e6248,0x0000000799a00000)
 ParOldGen       total 158208K, used 130104K [0x00000006c0000000, 0x00000006c9a80000, 0x000000076ab00000)
  object space 158208K, 82% used [0x00000006c0000000,0x00000006c7f0e060,0x00000006c9a80000)
 Metaspace       used 6602K, capacity 7320K, committed 7680K, reserved 1056768K
  class space    used 615K, capacity 656K, committed 768K, reserved 1048576K
GC Heap History (10 events):
Event: 6.437 GC heap after
Heap after GC invocations=6 (full 0):
 PSYoungGen      total 264192K, used 21475K [0x000000076ab00000, 0x000000077d700000, 0x00000007c0000000)
  eden space 242688K, 0% used [0x000000076ab00000,0x000000076ab00000,0x0000000779800000)
  from space 21504K, 99% used [0x000000077b400000,0x000000077c8f8ed8,0x000000077c900000)
  to   space 28672K, 0% used [0x0000000779800000,0x0000000779800000,0x000000077b400000)
 ParOldGen       total 83456K, used 27690K [0x00000006c0000000, 0x00000006c5180000, 0x000000076ab00000)
  object space 83456K, 33% used [0x00000006c0000000,0x00000006c1b0aa18,0x00000006c5180000)
 Metaspace       used 6376K, capacity 7192K, committed 7424K, reserved 1056768K
  class space    used 615K, capacity 656K, committed 768K, reserved 1048576K
}
Event: 9.692 GC heap before
{Heap before GC invocations=7 (full 0):
 PSYoungGen      total 264192K, used 264163K [0x000000076ab00000, 0x000000077d700000, 0x00000007c0000000)
  eden space 242688K, 100% used [0x000000076ab00000,0x0000000779800000,0x0000000779800000)
  from space 21504K, 99% used [0x000000077b400000,0x000000077c8f8ed8,0x000000077c900000)
  to   space 28672K, 0% used [0x0000000779800000,0x0000000779800000,0x000000077b400000)
 ParOldGen       total 83456K, used 27690K [0x00000006c0000000, 0x00000006c5180000, 0x000000076ab00000)
  object space 83456K, 33% used [0x00000006c0000000,0x00000006c1b0aa18,0x00000006c5180000)
 Metaspace       used 6492K, capacity 7256K, committed 7424K, reserved 1056768K
  class space    used 615K, capacity 656K, committed 768K, reserved 1048576K
Event: 9.970 GC heap after
Heap after GC invocations=7 (full 0):
 PSYoungGen      total 271360K, used 28644K [0x000000076ab00000, 0x000000078e100000, 0x00000007c0000000)
  eden space 242688K, 0% used [0x000000076ab00000,0x000000076ab00000,0x0000000779800000)
  from space 28672K, 99% used [0x0000000779800000,0x000000077b3f9278,0x000000077b400000)
  to   space 47104K, 0% used [0x000000078b300000,0x000000078b300000,0x000000078e100000)
 ParOldGen       total 83456K, used 52368K [0x00000006c0000000, 0x00000006c5180000, 0x000000076ab00000)
  object space 83456K, 62% used [0x00000006c0000000,0x00000006c3324398,0x00000006c5180000)
 Metaspace       used 6492K, capacity 7256K, committed 7424K, reserved 1056768K
  class space    used 615K, capacity 656K, committed 768K, reserved 1048576K
}
Event: 12.793 GC heap before
{Heap before GC invocations=8 (full 0):
 PSYoungGen      total 271360K, used 271332K [0x000000076ab00000, 0x000000078e100000, 0x00000007c0000000)
  eden space 242688K, 100% used [0x000000076ab00000,0x0000000779800000,0x0000000779800000)
  from space 28672K, 99% used [0x0000000779800000,0x000000077b3f9278,0x000000077b400000)
  to   space 47104K, 0% used [0x000000078b300000,0x000000078b300000,0x000000078e100000)
 ParOldGen       total 83456K, used 52571K [0x00000006c0000000, 0x00000006c5180000, 0x000000076ab00000)
  object space 83456K, 62% used [0x00000006c0000000,0x00000006c3356e90,0x00000006c5180000)
 Metaspace       used 6551K, capacity 7320K, committed 7680K, reserved 1056768K
  class space    used 615K, capacity 656K, committed 768K, reserved 1048576K
Event: 13.622 GC heap after
Heap after GC invocations=8 (full 0):
 PSYoungGen      total 516096K, used 47102K [0x000000076ab00000, 0x0000000790100000, 0x00000007c0000000)
  eden space 468992K, 0% used [0x000000076ab00000,0x000000076ab00000,0x0000000787500000)
  from space 47104K, 99% used [0x000000078b300000,0x000000078e0ffb00,0x000000078e100000)
  to   space 63488K, 0% used [0x0000000787500000,0x0000000787500000,0x000000078b300000)
 ParOldGen       total 83456K, used 67906K [0x00000006c0000000, 0x00000006c5180000, 0x000000076ab00000)
  object space 83456K, 81% used [0x00000006c0000000,0x00000006c42508e0,0x00000006c5180000)
 Metaspace       used 6551K, capacity 7320K, committed 7680K, reserved 1056768K
  class space    used 615K, capacity 656K, committed 768K, reserved 1048576K
}
Event: 13.622 GC heap before
{Heap before GC invocations=9 (full 1):
 PSYoungGen      total 516096K, used 47102K [0x000000076ab00000, 0x0000000790100000, 0x00000007c0000000)
  eden space 468992K, 0% used [0x000000076ab00000,0x000000076ab00000,0x0000000787500000)
  from space 47104K, 99% used [0x000000078b300000,0x000000078e0ffb00,0x000000078e100000)
  to   space 63488K, 0% used [0x0000000787500000,0x0000000787500000,0x000000078b300000)
 ParOldGen       total 83456K, used 67906K [0x00000006c0000000, 0x00000006c5180000, 0x000000076ab00000)
  object space 83456K, 81% used [0x00000006c0000000,0x00000006c42508e0,0x00000006c5180000)
 Metaspace       used 6551K, capacity 7320K, committed 7680K, reserved 1056768K
  class space    used 615K, capacity 656K, committed 768K, reserved 1048576K
Event: 15.799 GC heap after
Heap after GC invocations=9 (full 1):
 PSYoungGen      total 516096K, used 25667K [0x000000076ab00000, 0x0000000790100000, 0x00000007c0000000)
  eden space 468992K, 0% used [0x000000076ab00000,0x000000076ab00000,0x0000000787500000)
  from space 47104K, 54% used [0x000000078b300000,0x000000078cc10ff0,0x000000078e100000)
  to   space 63488K, 0% used [0x0000000787500000,0x0000000787500000,0x000000078b300000)
 ParOldGen       total 158208K, used 83440K [0x00000006c0000000, 0x00000006c9a80000, 0x000000076ab00000)
  object space 158208K, 52% used [0x00000006c0000000,0x00000006c517c238,0x00000006c9a80000)
 Metaspace       used 6551K, capacity 7320K, committed 7680K, reserved 1056768K
  class space    used 615K, capacity 656K, committed 768K, reserved 1048576K
}
Event: 22.962 GC heap before
{Heap before GC invocations=10 (full 1):
 PSYoungGen      total 516096K, used 494659K [0x000000076ab00000, 0x0000000790100000, 0x00000007c0000000)
  eden space 468992K, 100% used [0x000000076ab00000,0x0000000787500000,0x0000000787500000)
  from space 47104K, 54% used [0x000000078b300000,0x000000078cc10ff0,0x000000078e100000)
  to   space 63488K, 0% used [0x0000000787500000,0x0000000787500000,0x000000078b300000)
 ParOldGen       total 158208K, used 83443K [0x00000006c0000000, 0x00000006c9a80000, 0x000000076ab00000)
  object space 158208K, 52% used [0x00000006c0000000,0x00000006c517cd90,0x00000006c9a80000)
 Metaspace       used 6589K, capacity 7320K, committed 7680K, reserved 1056768K
  class space    used 615K, capacity 656K, committed 768K, reserved 1048576K
Event: 24.708 GC heap after
Heap after GC invocations=10 (full 1):
 PSYoungGen      total 532480K, used 63457K [0x000000076ab00000, 0x0000000799a00000, 0x00000007c0000000)
  eden space 468992K, 0% used [0x000000076ab00000,0x000000076ab00000,0x0000000787500000)
  from space 63488K, 99% used [0x0000000787500000,0x000000078b2f85b0,0x000000078b300000)
  to   space 86528K, 0% used [0x0000000794580000,0x0000000794580000,0x0000000799a00000)
 ParOldGen       total 158208K, used 111106K [0x00000006c0000000, 0x00000006c9a80000, 0x000000076ab00000)
  object space 158208K, 70% used [0x00000006c0000000,0x00000006c6c808a0,0x00000006c9a80000)
 Metaspace       used 6589K, capacity 7320K, committed 7680K, reserved 1056768K
  class space    used 615K, capacity 656K, committed 768K, reserved 1048576K
}
Event: 32.941 GC heap before
{Heap before GC invocations=11 (full 1):
 PSYoungGen      total 532480K, used 532449K [0x000000076ab00000, 0x0000000799a00000, 0x00000007c0000000)
  eden space 468992K, 100% used [0x000000076ab00000,0x0000000787500000,0x0000000787500000)
  from space 63488K, 99% used [0x0000000787500000,0x000000078b2f85b0,0x000000078b300000)
  to   space 86528K, 0% used [0x0000000794580000,0x0000000794580000,0x0000000799a00000)
 ParOldGen       total 158208K, used 111106K [0x00000006c0000000, 0x00000006c9a80000, 0x000000076ab00000)
  object space 158208K, 70% used [0x00000006c0000000,0x00000006c6c808a0,0x00000006c9a80000)
 Metaspace       used 6602K, capacity 7320K, committed 7680K, reserved 1056768K
  class space    used 615K, capacity 656K, committed 768K, reserved 1048576K

