# JRE version: OpenJDK Runtime Environment (8.0_76-b03) (build 1.8.0_76-release-b03)
# Java VM: OpenJDK 64-Bit Server VM (25.76-b03 mixed mode linux-amd64 compressed oops)
Heap:
 PSYoungGen      total 628224K, used 534843K [0x000000076ab00000, 0x000000079ee80000, 0x00000007c0000000)
  eden space 506880K, 100% used [0x000000076ab00000,0x0000000789a00000,0x0000000789a00000)
  from space 121344K, 23% used [0x0000000789a00000,0x000000078b54ecf8,0x0000000791080000)
  to   space 126976K, 44% used [0x0000000797280000,0x000000079a9495b0,0x000000079ee80000)
 ParOldGen       total 526848K, used 335385K [0x00000006c0000000, 0x00000006e0280000, 0x000000076ab00000)
  object space 526848K, 63% used [0x00000006c0000000,0x00000006d47864e0,0x00000006e0280000)
 Metaspace       used 6577K, capacity 7280K, committed 7552K, reserved 1056768K
  class space    used 596K, capacity 616K, committed 640K, reserved 1048576K
GC Heap History (10 events):
Event: 8.915 GC heap after
Heap after GC invocations=13 (full 2):
 PSYoungGen      total 526336K, used 66365K [0x000000076ab00000, 0x0000000796a00000, 0x00000007c0000000)
  eden space 442880K, 0% used [0x000000076ab00000,0x000000076ab00000,0x0000000785b80000)
  from space 83456K, 79% used [0x0000000785b80000,0x0000000789c4f6c8,0x000000078ad00000)
  to   space 91648K, 0% used [0x0000000791080000,0x0000000791080000,0x0000000796a00000)
 ParOldGen       total 205824K, used 163899K [0x00000006c0000000, 0x00000006cc900000, 0x000000076ab00000)
  object space 205824K, 79% used [0x00000006c0000000,0x00000006ca00ed90,0x00000006cc900000)
 Metaspace       used 6552K, capacity 7280K, committed 7552K, reserved 1056768K
  class space    used 594K, capacity 616K, committed 640K, reserved 1048576K
}
Event: 10.230 GC heap before
{Heap before GC invocations=14 (full 2):
 PSYoungGen      total 526336K, used 509245K [0x000000076ab00000, 0x0000000796a00000, 0x00000007c0000000)
  eden space 442880K, 100% used [0x000000076ab00000,0x0000000785b80000,0x0000000785b80000)
  from space 83456K, 79% used [0x0000000785b80000,0x0000000789c4f6c8,0x000000078ad00000)
  to   space 91648K, 0% used [0x0000000791080000,0x0000000791080000,0x0000000796a00000)
 ParOldGen       total 205824K, used 163899K [0x00000006c0000000, 0x00000006cc900000, 0x000000076ab00000)
  object space 205824K, 79% used [0x00000006c0000000,0x00000006ca00ed90,0x00000006cc900000)
 Metaspace       used 6563K, capacity 7280K, committed 7552K, reserved 1056768K
  class space    used 595K, capacity 616K, committed 640K, reserved 1048576K
Event: 10.438 GC heap after
Heap after GC invocations=14 (full 2):
 PSYoungGen      total 598528K, used 91628K [0x000000076ab00000, 0x000000079aa00000, 0x00000007c0000000)
  eden space 506880K, 0% used [0x000000076ab00000,0x000000076ab00000,0x0000000789a00000)
  from space 91648K, 99% used [0x0000000791080000,0x00000007969fb0e0,0x0000000796a00000)
  to   space 121344K, 0% used [0x0000000789a00000,0x0000000789a00000,0x0000000791080000)
 ParOldGen       total 205824K, used 200687K [0x00000006c0000000, 0x00000006cc900000, 0x000000076ab00000)
  object space 205824K, 97% used [0x00000006c0000000,0x00000006cc3fbe60,0x00000006cc900000)
 Metaspace       used 6563K, capacity 7280K, committed 7552K, reserved 1056768K
  class space    used 595K, capacity 616K, committed 640K, reserved 1048576K
}
Event: 10.438 GC heap before
{Heap before GC invocations=15 (full 3):
 PSYoungGen      total 598528K, used 91628K [0x000000076ab00000, 0x000000079aa00000, 0x00000007c0000000)
  eden space 506880K, 0% used [0x000000076ab00000,0x000000076ab00000,0x0000000789a00000)
  from space 91648K, 99% used [0x0000000791080000,0x00000007969fb0e0,0x0000000796a00000)
  to   space 121344K, 0% used [0x0000000789a00000,0x0000000789a00000,0x0000000791080000)
 ParOldGen       total 205824K, used 200687K [0x00000006c0000000, 0x00000006cc900000, 0x000000076ab00000)
  object space 205824K, 97% used [0x00000006c0000000,0x00000006cc3fbe60,0x00000006cc900000)
 Metaspace       used 6563K, capacity 7280K, committed 7552K, reserved 1056768K
  class space    used 595K, capacity 616K, committed 640K, reserved 1048576K
Event: 12.077 GC heap after
Heap after GC invocations=15 (full 3):
 PSYoungGen      total 598528K, used 83642K [0x000000076ab00000, 0x000000079aa00000, 0x00000007c0000000)
  eden space 506880K, 0% used [0x000000076ab00000,0x000000076ab00000,0x0000000789a00000)
  from space 91648K, 91% used [0x0000000791080000,0x000000079622ebb0,0x0000000796a00000)
  to   space 121344K, 0% used [0x0000000789a00000,0x0000000789a00000,0x0000000791080000)
 ParOldGen       total 335872K, used 205724K [0x00000006c0000000, 0x00000006d4800000, 0x000000076ab00000)
  object space 335872K, 61% used [0x00000006c0000000,0x00000006cc8e70b8,0x00000006d4800000)
 Metaspace       used 6563K, capacity 7280K, committed 7552K, reserved 1056768K
  class space    used 595K, capacity 616K, committed 640K, reserved 1048576K
}
Event: 13.725 GC heap before
{Heap before GC invocations=16 (full 3):
 PSYoungGen      total 598528K, used 590522K [0x000000076ab00000, 0x000000079aa00000, 0x00000007c0000000)
  eden space 506880K, 100% used [0x000000076ab00000,0x0000000789a00000,0x0000000789a00000)
  from space 91648K, 91% used [0x0000000791080000,0x000000079622ebb0,0x0000000796a00000)
  to   space 121344K, 0% used [0x0000000789a00000,0x0000000789a00000,0x0000000791080000)
 ParOldGen       total 335872K, used 205724K [0x00000006c0000000, 0x00000006d4800000, 0x000000076ab00000)
  object space 335872K, 61% used [0x00000006c0000000,0x00000006cc8e70b8,0x00000006d4800000)
 Metaspace       used 6564K, capacity 7280K, committed 7552K, reserved 1056768K
  class space    used 595K, capacity 616K, committed 640K, reserved 1048576K
Event: 14.073 GC heap after
Heap after GC invocations=16 (full 3):
 PSYoungGen      total 628224K, used 78504K [0x000000076ab00000, 0x000000079ee80000, 0x00000007c0000000)
  eden space 506880K, 0% used [0x000000076ab00000,0x000000076ab00000,0x0000000789a00000)
  from space 121344K, 64% used [0x0000000789a00000,0x000000078e6aa018,0x0000000791080000)
  to   space 126976K, 0% used [0x0000000797280000,0x0000000797280000,0x000000079ee80000)
 ParOldGen       total 335872K, used 290235K [0x00000006c0000000, 0x00000006d4800000, 0x000000076ab00000)
  object space 335872K, 86% used [0x00000006c0000000,0x00000006d1b6ee58,0x00000006d4800000)
 Metaspace       used 6564K, capacity 7280K, committed 7552K, reserved 1056768K
  class space    used 595K, capacity 616K, committed 640K, reserved 1048576K
}
Event: 14.073 GC heap before
{Heap before GC invocations=17 (full 4):
 PSYoungGen      total 628224K, used 78504K [0x000000076ab00000, 0x000000079ee80000, 0x00000007c0000000)
  eden space 506880K, 0% used [0x000000076ab00000,0x000000076ab00000,0x0000000789a00000)
  from space 121344K, 64% used [0x0000000789a00000,0x000000078e6aa018,0x0000000791080000)
  to   space 126976K, 0% used [0x0000000797280000,0x0000000797280000,0x000000079ee80000)
 ParOldGen       total 335872K, used 290235K [0x00000006c0000000, 0x00000006d4800000, 0x000000076ab00000)
  object space 335872K, 86% used [0x00000006c0000000,0x00000006d1b6ee58,0x00000006d4800000)
 Metaspace       used 6564K, capacity 7280K, committed 7552K, reserved 1056768K
  class space    used 595K, capacity 616K, committed 640K, reserved 1048576K
Event: 15.848 GC heap after
Heap after GC invocations=17 (full 4):
 PSYoungGen      total 628224K, used 27963K [0x000000076ab00000, 0x000000079ee80000, 0x00000007c0000000)
  eden space 506880K, 0% used [0x000000076ab00000,0x000000076ab00000,0x0000000789a00000)
  from space 121344K, 23% used [0x0000000789a00000,0x000000078b54ecf8,0x0000000791080000)
  to   space 126976K, 0% used [0x0000000797280000,0x0000000797280000,0x000000079ee80000)
 ParOldGen       total 526848K, used 335377K [0x00000006c0000000, 0x00000006e0280000, 0x000000076ab00000)
  object space 526848K, 63% used [0x00000006c0000000,0x00000006d47844e0,0x00000006e0280000)
 Metaspace       used 6564K, capacity 7280K, committed 7552K, reserved 1056768K
  class space    used 595K, capacity 616K, committed 640K, reserved 1048576K
}
Event: 18.134 GC heap before
{Heap before GC invocations=18 (full 4):
 PSYoungGen      total 628224K, used 534843K [0x000000076ab00000, 0x000000079ee80000, 0x00000007c0000000)
  eden space 506880K, 100% used [0x000000076ab00000,0x0000000789a00000,0x0000000789a00000)
  from space 121344K, 23% used [0x0000000789a00000,0x000000078b54ecf8,0x0000000791080000)
  to   space 126976K, 0% used [0x0000000797280000,0x0000000797280000,0x000000079ee80000)
 ParOldGen       total 526848K, used 335377K [0x00000006c0000000, 0x00000006e0280000, 0x000000076ab00000)
  object space 526848K, 63% used [0x00000006c0000000,0x00000006d47844e0,0x00000006e0280000)
 Metaspace       used 6577K, capacity 7280K, committed 7552K, reserved 1056768K
  class space    used 596K, capacity 616K, committed 640K, reserved 1048576K

