# JRE version: Java(TM) SE Runtime Environment (8.0_72-b15) (build 1.8.0_72-b15)
# Java VM: Java HotSpot(TM) 64-Bit Server VM (25.72-b15 mixed mode linux-amd64 compressed oops)
Heap:
 PSYoungGen      total 896512K, used 136200K [0x000000076ab00000, 0x00000007be800000, 0x00000007c0000000)
  eden space 702464K, 19% used [0x000000076ab00000,0x0000000773002220,0x0000000795900000)
  from space 194048K, 0% used [0x00000007a6d80000,0x00000007a6d80000,0x00000007b2b00000)
  to   space 283136K, 0% used [0x0000000795900000,0x0000000795900000,0x00000007a6d80000)
 ParOldGen       total 1001472K, used 692283K [0x00000006c0000000, 0x00000006fd200000, 0x000000076ab00000)
  object space 1001472K, 69% used [0x00000006c0000000,0x00000006ea40ec00,0x00000006fd200000)
 Metaspace       used 6617K, capacity 7320K, committed 7680K, reserved 1056768K
  class space    used 618K, capacity 656K, committed 768K, reserved 1048576K
GC Heap History (10 events):
Event: 34.139 GC heap before
{Heap before GC invocations=16 (full 3):
 PSYoungGen      total 792576K, used 783589K [0x000000076ab00000, 0x00000007a4e80000, 0x00000007c0000000)
  eden space 668160K, 100% used [0x000000076ab00000,0x0000000793780000,0x0000000793780000)
  from space 124416K, 92% used [0x000000079d000000,0x00000007a40b9760,0x00000007a4980000)
  to   space 142848K, 0% used [0x0000000793780000,0x0000000793780000,0x000000079c300000)
 ParOldGen       total 438784K, used 272735K [0x00000006c0000000, 0x00000006dac80000, 0x000000076ab00000)
  object space 438784K, 62% used [0x00000006c0000000,0x00000006d0a57e78,0x00000006dac80000)
 Metaspace       used 6617K, capacity 7320K, committed 7680K, reserved 1056768K
  class space    used 618K, capacity 656K, committed 768K, reserved 1048576K
Event: 35.302 GC heap after
Heap after GC invocations=16 (full 3):
 PSYoungGen      total 811008K, used 142837K [0x000000076ab00000, 0x00000007b2b00000, 0x00000007c0000000)
  eden space 668160K, 0% used [0x000000076ab00000,0x000000076ab00000,0x0000000793780000)
  from space 142848K, 99% used [0x0000000793780000,0x000000079c2fd6e8,0x000000079c300000)
  to   space 194048K, 0% used [0x00000007a6d80000,0x00000007a6d80000,0x00000007b2b00000)
 ParOldGen       total 438784K, used 343524K [0x00000006c0000000, 0x00000006dac80000, 0x000000076ab00000)
  object space 438784K, 78% used [0x00000006c0000000,0x00000006d4f79098,0x00000006dac80000)
 Metaspace       used 6617K, capacity 7320K, committed 7680K, reserved 1056768K
  class space    used 618K, capacity 656K, committed 768K, reserved 1048576K
}
Event: 40.182 GC heap before
{Heap before GC invocations=17 (full 3):
 PSYoungGen      total 811008K, used 810997K [0x000000076ab00000, 0x00000007b2b00000, 0x00000007c0000000)
  eden space 668160K, 100% used [0x000000076ab00000,0x0000000793780000,0x0000000793780000)
  from space 142848K, 99% used [0x0000000793780000,0x000000079c2fd6e8,0x000000079c300000)
  to   space 194048K, 0% used [0x00000007a6d80000,0x00000007a6d80000,0x00000007b2b00000)
 ParOldGen       total 438784K, used 343524K [0x00000006c0000000, 0x00000006dac80000, 0x000000076ab00000)
  object space 438784K, 78% used [0x00000006c0000000,0x00000006d4f79098,0x00000006dac80000)
 Metaspace       used 6617K, capacity 7320K, committed 7680K, reserved 1056768K
  class space    used 618K, capacity 656K, committed 768K, reserved 1048576K
Event: 41.351 GC heap after
Heap after GC invocations=17 (full 3):
 PSYoungGen      total 811008K, used 810997K [0x000000076ab00000, 0x00000007b2b00000, 0x00000007c0000000)
  eden space 668160K, 100% used [0x000000076ab00000,0x0000000793780000,0x0000000793780000)
  from space 142848K, 99% used [0x0000000793780000,0x000000079c2fd6e8,0x000000079c300000)
  to   space 194048K, 99% used [0x00000007a6d80000,0x00000007b2afe340,0x00000007b2b00000)
 ParOldGen       total 475136K, used 475006K [0x00000006c0000000, 0x00000006dd000000, 0x000000076ab00000)
  object space 475136K, 99% used [0x00000006c0000000,0x00000006dcfdfa68,0x00000006dd000000)
 Metaspace       used 6617K, capacity 7320K, committed 7680K, reserved 1056768K
  class space    used 618K, capacity 656K, committed 768K, reserved 1048576K
}
Event: 41.352 GC heap before
{Heap before GC invocations=18 (full 4):
 PSYoungGen      total 811008K, used 810997K [0x000000076ab00000, 0x00000007b2b00000, 0x00000007c0000000)
  eden space 668160K, 100% used [0x000000076ab00000,0x0000000793780000,0x0000000793780000)
  from space 142848K, 99% used [0x0000000793780000,0x000000079c2fd6e8,0x000000079c300000)
  to   space 194048K, 99% used [0x00000007a6d80000,0x00000007b2afe340,0x00000007b2b00000)
 ParOldGen       total 475136K, used 475006K [0x00000006c0000000, 0x00000006dd000000, 0x000000076ab00000)
  object space 475136K, 99% used [0x00000006c0000000,0x00000006dcfdfa68,0x00000006dd000000)
 Metaspace       used 6617K, capacity 7320K, committed 7680K, reserved 1056768K
  class space    used 618K, capacity 656K, committed 768K, reserved 1048576K
Event: 45.580 GC heap after
Heap after GC invocations=18 (full 4):
 PSYoungGen      total 811008K, used 193552K [0x000000076ab00000, 0x00000007b2b00000, 0x00000007c0000000)
  eden space 668160K, 28% used [0x000000076ab00000,0x0000000776804210,0x0000000793780000)
  from space 142848K, 0% used [0x0000000793780000,0x0000000793780000,0x000000079c300000)
  to   space 194048K, 0% used [0x00000007a6d80000,0x00000007a6d80000,0x00000007b2b00000)
 ParOldGen       total 698880K, used 475115K [0x00000006c0000000, 0x00000006eaa80000, 0x000000076ab00000)
  object space 698880K, 67% used [0x00000006c0000000,0x00000006dcffaf70,0x00000006eaa80000)
 Metaspace       used 6617K, capacity 7320K, committed 7680K, reserved 1056768K
  class space    used 618K, capacity 656K, committed 768K, reserved 1048576K
}
Event: 48.337 GC heap before
{Heap before GC invocations=19 (full 4):
 PSYoungGen      total 811008K, used 668160K [0x000000076ab00000, 0x00000007b2b00000, 0x00000007c0000000)
  eden space 668160K, 100% used [0x000000076ab00000,0x0000000793780000,0x0000000793780000)
  from space 142848K, 0% used [0x0000000793780000,0x0000000793780000,0x000000079c300000)
  to   space 194048K, 0% used [0x00000007a6d80000,0x00000007a6d80000,0x00000007b2b00000)
 ParOldGen       total 698880K, used 475115K [0x00000006c0000000, 0x00000006eaa80000, 0x000000076ab00000)
  object space 698880K, 67% used [0x00000006c0000000,0x00000006dcffaf70,0x00000006eaa80000)
 Metaspace       used 6617K, capacity 7320K, committed 7680K, reserved 1056768K
  class space    used 618K, capacity 656K, committed 768K, reserved 1048576K
Event: 49.035 GC heap after
Heap after GC invocations=19 (full 4):
 PSYoungGen      total 896512K, used 194022K [0x000000076ab00000, 0x00000007be800000, 0x00000007c0000000)
  eden space 702464K, 0% used [0x000000076ab00000,0x000000076ab00000,0x0000000795900000)
  from space 194048K, 99% used [0x00000007a6d80000,0x00000007b2af9800,0x00000007b2b00000)
  to   space 283136K, 0% used [0x0000000795900000,0x0000000795900000,0x00000007a6d80000)
 ParOldGen       total 698880K, used 623500K [0x00000006c0000000, 0x00000006eaa80000, 0x000000076ab00000)
  object space 698880K, 89% used [0x00000006c0000000,0x00000006e60e3228,0x00000006eaa80000)
 Metaspace       used 6617K, capacity 7320K, committed 7680K, reserved 1056768K
  class space    used 618K, capacity 656K, committed 768K, reserved 1048576K
}
Event: 49.035 GC heap before
{Heap before GC invocations=20 (full 5):
 PSYoungGen      total 896512K, used 194022K [0x000000076ab00000, 0x00000007be800000, 0x00000007c0000000)
  eden space 702464K, 0% used [0x000000076ab00000,0x000000076ab00000,0x0000000795900000)
  from space 194048K, 99% used [0x00000007a6d80000,0x00000007b2af9800,0x00000007b2b00000)
  to   space 283136K, 0% used [0x0000000795900000,0x0000000795900000,0x00000007a6d80000)
 ParOldGen       total 698880K, used 623500K [0x00000006c0000000, 0x00000006eaa80000, 0x000000076ab00000)
  object space 698880K, 89% used [0x00000006c0000000,0x00000006e60e3228,0x00000006eaa80000)
 Metaspace       used 6617K, capacity 7320K, committed 7680K, reserved 1056768K
  class space    used 618K, capacity 656K, committed 768K, reserved 1048576K
Event: 51.696 GC heap after
Heap after GC invocations=20 (full 5):
 PSYoungGen      total 896512K, used 0K [0x000000076ab00000, 0x00000007be800000, 0x00000007c0000000)
  eden space 702464K, 0% used [0x000000076ab00000,0x000000076ab00000,0x0000000795900000)
  from space 194048K, 0% used [0x00000007a6d80000,0x00000007a6d80000,0x00000007b2b00000)
  to   space 283136K, 0% used [0x0000000795900000,0x0000000795900000,0x00000007a6d80000)
 ParOldGen       total 1001472K, used 692283K [0x00000006c0000000, 0x00000006fd200000, 0x000000076ab00000)
  object space 1001472K, 69% used [0x00000006c0000000,0x00000006ea40ec00,0x00000006fd200000)
 Metaspace       used 6617K, capacity 7320K, committed 7680K, reserved 1056768K
  class space    used 618K, capacity 656K, committed 768K, reserved 1048576K
}

